<?xml version="1.0" encoding="UTF-8"?>
<!-- Generated by org.testng.reporters.JUnitXMLReporter -->
<testsuite ignored="0" hostname="NCSIN04W81KT2C0" failures="0" tests="4" name="Default test" time="0.041" errors="0" timestamp="2024-05-06T12:04:45 IST">
  <testcase classname="Practice.Calculator.CalculatorOpsTest" name="addTest" time="0.007"/>
  <testcase classname="Practice.Calculator.CalculatorOpsTest" name="divideTest" time="0.001"/>
  <testcase classname="Practice.Calculator.CalculatorOpsTest" name="multiplyTest" time="0.0"/>
  <testcase classname="Practice.Calculator.CalculatorOpsTest" name="subtractTest" time="0.001"/>
</testsuite> <!-- Default test -->
