<?xml version="1.0" encoding="UTF-8"?>
<testng-results ignored="0" total="4" passed="4" failed="0" skipped="0">
  <reporter-output>
  </reporter-output>
  <suite started-at="2024-05-06T12:04:45 IST" name="Default suite" finished-at="2024-05-06T12:04:45 IST" duration-ms="41">
    <groups>
    </groups>
    <test started-at="2024-05-06T12:04:45 IST" name="Default test" finished-at="2024-05-06T12:04:45 IST" duration-ms="41">
      <class name="Practice.Calculator.CalculatorOpsTest">
        <test-method signature="addTest()[pri:0, instance:Practice.Calculator.CalculatorOpsTest@66498326]" started-at="2024-05-06T12:04:45 IST" name="addTest" finished-at="2024-05-06T12:04:45 IST" duration-ms="7" status="PASS">
          <reporter-output>
          </reporter-output>
        </test-method> <!-- addTest -->
        <test-method signature="divideTest()[pri:0, instance:Practice.Calculator.CalculatorOpsTest@66498326]" started-at="2024-05-06T12:04:45 IST" name="divideTest" finished-at="2024-05-06T12:04:45 IST" duration-ms="1" status="PASS">
          <reporter-output>
          </reporter-output>
        </test-method> <!-- divideTest -->
        <test-method signature="multiplyTest()[pri:0, instance:Practice.Calculator.CalculatorOpsTest@66498326]" started-at="2024-05-06T12:04:45 IST" name="multiplyTest" finished-at="2024-05-06T12:04:45 IST" duration-ms="0" status="PASS">
          <reporter-output>
          </reporter-output>
        </test-method> <!-- multiplyTest -->
        <test-method signature="subtractTest()[pri:0, instance:Practice.Calculator.CalculatorOpsTest@66498326]" started-at="2024-05-06T12:04:45 IST" name="subtractTest" finished-at="2024-05-06T12:04:45 IST" duration-ms="1" status="PASS">
          <reporter-output>
          </reporter-output>
        </test-method> <!-- subtractTest -->
      </class> <!-- Practice.Calculator.CalculatorOpsTest -->
    </test> <!-- Default test -->
  </suite> <!-- Default suite -->
</testng-results>
